[themes.suelo.pl/sukces/index.html]
[backblue.gif]
[fade.gif]
[index.html]
[themes.suelo.pl/sukces/assets/img/favicon.png]
[themes.suelo.pl/sukces/assets/img/favicon_60x60.png]
[themes.suelo.pl/sukces/assets/img/favicon_76x76.png]
[themes.suelo.pl/sukces/assets/img/favicon_120x120.png]
[themes.suelo.pl/sukces/assets/img/favicon_152x152.png]
[themes.suelo.pl/sukces/assets/css/styles.css]
[themes.suelo.pl/sukces/assets/css/themes/theme-serif-blue.css]
[themes.suelo.pl/sukces/assets/img/photos/developer_avatar.jpg]
[themes.suelo.pl/sukces/assets/img/photos/developer_bg01.jpg]
[themes.suelo.pl/sukces/assets/img/photos/london.jpg]
[themes.suelo.pl/sukces/project-example.html]
[themes.suelo.pl/sukces/assets/img/works/work01.jpg]
[themes.suelo.pl/sukces/assets/img/works/work02.jpg]
[themes.suelo.pl/sukces/assets/img/works/work03.jpg]
[themes.suelo.pl/sukces/assets/img/works/work04.jpg]
[themes.suelo.pl/sukces/assets/img/works/work05.jpg]
[themes.suelo.pl/sukces/assets/img/works/work06.jpg]
[themes.suelo.pl/sukces/assets/img/avatars/avatar01.jpg]
[themes.suelo.pl/sukces/assets/img/avatars/avatar02.jpg]
[themes.suelo.pl/sukces/assets/img/avatars/avatar03.jpg]
[themes.suelo.pl/sukces/assets/img/avatars/avatar05.jpg]
[themes.suelo.pl/sukces/assets/img/avatars/avatar04.jpg]
[themes.suelo.pl/sukces/assets/img/posts/post01.jpg]
[themes.suelo.pl/sukces/blog-post.html]
[themes.suelo.pl/sukces/assets/img/posts/post02.jpg]
[themes.suelo.pl/sukces/assets/img/posts/post03.jpg]
[themes.suelo.pl/sukces/blog.html]
[themes.suelo.pl/sukces/assets/js/jquery-1.12.4.min.js]
[themes.suelo.pl/sukces/assets/js/core.js]
[themes.suelo.pl/sukces/assets/js/plugins.js]
[themes.suelo.pl/sukces/assets/styleswitcher/styleswitcher.js]
[themes.suelo.pl/sukces/index.html]
[themes.suelo.pl/sukces/assets/fonts/glyphicons-halflings-regular.eot]
[themes.suelo.pl/sukces/assets/fonts/glyphicons-halflings-regulard41d.eot]
[themes.suelo.pl/sukces/assets/fonts/glyphicons-halflings-regular.woff2]
[themes.suelo.pl/sukces/assets/fonts/glyphicons-halflings-regular.woff]
[themes.suelo.pl/sukces/assets/fonts/glyphicons-halflings-regular.ttf]
[themes.suelo.pl/sukces/assets/fonts/glyphicons-halflings-regular.svg]
[themes.suelo.pl/sukces/assets/fonts/fontawesome-webfont5b62.eot]
[themes.suelo.pl/sukces/assets/fonts/fontawesome-webfontd41d.eot]
[themes.suelo.pl/sukces/assets/fonts/fontawesome-webfont5b62.woff2]
[themes.suelo.pl/sukces/assets/fonts/fontawesome-webfont5b62.svg]
[themes.suelo.pl/sukces/assets/fonts/fontawesome-webfont5b62.woff]
[themes.suelo.pl/sukces/assets/fonts/themify9f24.eot]
[themes.suelo.pl/sukces/assets/fonts/fontawesome-webfont5b62.ttf]
[themes.suelo.pl/sukces/assets/fonts/themify9f24.woff]
[themes.suelo.pl/sukces/assets/fonts/themify9f24.ttf]
[themes.suelo.pl/sukces/assets/fonts/Pe-icon-7-strokebb1d.eot]
[themes.suelo.pl/sukces/assets/fonts/Pe-icon-7-stroked41d.eot]
[themes.suelo.pl/sukces/assets/fonts/themify9f24.svg]
[themes.suelo.pl/sukces/assets/fonts/Pe-icon-7-strokebb1d.svg]
[themes.suelo.pl/sukces/assets/css/grabbing.36.delayed]
[themes.suelo.pl/sukces/assets/css/styles.css]
[themes.suelo.pl/sukces/assets/css/themes/theme-serif-blue.css]
[themes.suelo.pl/sukces/assets/img/photos/lawyer_avatar.jpg]
[themes.suelo.pl/sukces/assets/img/works/details/single-work_icon.png]
[themes.suelo.pl/sukces/assets/img/works/details/single-work_ipad.png]
[themes.suelo.pl/sukces/assets/img/works/details/single-work_iphone.png]
[themes.suelo.pl/sukces/project-example.html]
[themes.suelo.pl/sukces/assets/img/posts/single-post01.jpg]
[themes.suelo.pl/sukces/blog-post.html]
[themes.suelo.pl/sukces/assets/img/posts/post04.jpg]
[themes.suelo.pl/sukces/blog.html]
[themes.suelo.pl/sukces/assets/fonts/glyphicons-halflings-regular.html]
[themes.suelo.pl/sukces/assets/fonts/glyphicons-halflings-regulard41d.html]
[themes.suelo.pl/sukces/assets/fonts/glyphicons-halflings-regular-2.html]
[themes.suelo.pl/sukces/assets/fonts/glyphicons-halflings-regular-3.html]
[themes.suelo.pl/sukces/assets/fonts/glyphicons-halflings-regular-4.html]
[themes.suelo.pl/sukces/assets/fonts/glyphicons-halflings-regular-5.html]
[themes.suelo.pl/sukces/assets/fonts/fontawesome-webfont5b62.svg]
[themes.suelo.pl/sukces/assets/fonts/themify9f24.svg]
[themes.suelo.pl/sukces/assets/fonts/themifyd41d.eot]
[themes.suelo.pl/sukces/assets/fonts/Pe-icon-7-strokebb1d.woff]
[themes.suelo.pl/sukces/assets/fonts/Pe-icon-7-strokebb1d.svg]
[themes.suelo.pl/sukces/assets/css/grabbing.html]
[themes.suelo.pl/sukces/assets/fonts/Pe-icon-7-strokebb1d.ttf]
[themes.suelo.pl/sukces/index-horizontal-dark.html]
[themes.suelo.pl/sukces/assets/css/themes/theme-serif-bottle.css]
[themes.suelo.pl/sukces/assets/img/photos/lawyer_bg01.jpg]
[themes.suelo.pl/sukces/blog-post-horizontal-dark.html]
[themes.suelo.pl/sukces/blog-horizontal-dark.html]
[themes.suelo.pl/sukces/index-horizontal-dark.html]
[themes.suelo.pl/sukces/assets/css/themes/theme-serif-bottle.css]
[themes.suelo.pl/sukces/blog-post-horizontal-dark.html]
[themes.suelo.pl/sukces/blog-horizontal-dark.html]
